
> my-portfolio@0.1.0 build
> next build

   ▲ Next.js 15.2.4

   Creating an optimized production build ...
 ✓ Compiled successfully
   Linting and checking validity of types ...
   Collecting page data ...
   Generating static pages (0/7) ...
   Generating static pages (1/7) 
   Generating static pages (3/7) 
   Generating static pages (5/7) 
 ✓ Generating static pages (7/7)
   Finalizing page optimization ...
   Collecting build traces ...
   Exporting (0/3) ...
 ✓ Exporting (3/3)

Route (app)                                 Size  First Load JS
┌ ○ /                                      452 B         109 kB
├ ○ /_not-found                            978 B         102 kB
├ ○ /archive/index                         134 B         101 kB
├ ○ /blog/index                          10.7 kB         111 kB
└ ○ /projects/index                      2.44 kB         108 kB
+ First Load JS shared by all             101 kB
  ├ chunks/4bd1b696-704dc55da575ac8d.js  53.2 kB
  ├ chunks/684-e2e0d7ef39933d8b.js       45.5 kB
  └ other shared chunks (total)           1.9 kB


○  (Static)  prerendered as static content

